<?xml version="1.0" encoding="UTF-8"?>
<testng-results skipped="0" failed="0" ignored="0" total="12" passed="12">
  <reporter-output>
  </reporter-output>
  <suite name="FREE CRM Application Test Automation Test Suite" duration-ms="216592" started-at="2020-07-05T09:05:30Z" finished-at="2020-07-05T09:09:06Z">
    <groups>
    </groups>
    <test name="Free CRM App Test Cases" duration-ms="216592" started-at="2020-07-05T09:05:30Z" finished-at="2020-07-05T09:09:06Z">
      <class name="com.crm.qa.testcases.HomePageTest">
        <test-method status="PASS" signature="setUp()[pri:0, instance:com.crm.qa.testcases.HomePageTest@73846619]" name="setUp" is-config="true" duration-ms="16010" started-at="2020-07-05T14:36:48Z" finished-at="2020-07-05T14:37:04Z">
          <reporter-output>
          </reporter-output>
        </test-method> <!-- setUp -->
        <test-method status="PASS" signature="verifyHomePageTitleTest()[pri:1, instance:com.crm.qa.testcases.HomePageTest@73846619]" name="verifyHomePageTitleTest" duration-ms="11" started-at="2020-07-05T14:37:04Z" finished-at="2020-07-05T14:37:04Z">
          <reporter-output>
          </reporter-output>
        </test-method> <!-- verifyHomePageTitleTest -->
        <test-method status="PASS" signature="tearDown()[pri:0, instance:com.crm.qa.testcases.HomePageTest@73846619]" name="tearDown" is-config="true" duration-ms="791" started-at="2020-07-05T14:37:04Z" finished-at="2020-07-05T14:37:05Z">
          <reporter-output>
          </reporter-output>
        </test-method> <!-- tearDown -->
        <test-method status="PASS" signature="setUp()[pri:0, instance:com.crm.qa.testcases.HomePageTest@73846619]" name="setUp" is-config="true" duration-ms="16554" started-at="2020-07-05T14:37:35Z" finished-at="2020-07-05T14:37:51Z">
          <reporter-output>
          </reporter-output>
        </test-method> <!-- setUp -->
        <test-method status="PASS" signature="verifyUserNameTest()[pri:2, instance:com.crm.qa.testcases.HomePageTest@73846619]" name="verifyUserNameTest" duration-ms="115" started-at="2020-07-05T14:37:51Z" finished-at="2020-07-05T14:37:51Z">
          <reporter-output>
          </reporter-output>
        </test-method> <!-- verifyUserNameTest -->
        <test-method status="PASS" signature="tearDown()[pri:0, instance:com.crm.qa.testcases.HomePageTest@73846619]" name="tearDown" is-config="true" duration-ms="973" started-at="2020-07-05T14:37:51Z" finished-at="2020-07-05T14:37:52Z">
          <reporter-output>
          </reporter-output>
        </test-method> <!-- tearDown -->
        <test-method status="PASS" signature="setUp()[pri:0, instance:com.crm.qa.testcases.HomePageTest@73846619]" name="setUp" is-config="true" duration-ms="16598" started-at="2020-07-05T14:38:28Z" finished-at="2020-07-05T14:38:45Z">
          <reporter-output>
          </reporter-output>
        </test-method> <!-- setUp -->
        <test-method status="PASS" signature="verifyContactsLinkTest()[pri:3, instance:com.crm.qa.testcases.HomePageTest@73846619]" name="verifyContactsLinkTest" duration-ms="1554" started-at="2020-07-05T14:38:45Z" finished-at="2020-07-05T14:38:46Z">
          <reporter-output>
          </reporter-output>
        </test-method> <!-- verifyContactsLinkTest -->
        <test-method status="PASS" signature="tearDown()[pri:0, instance:com.crm.qa.testcases.HomePageTest@73846619]" name="tearDown" is-config="true" duration-ms="829" started-at="2020-07-05T14:38:46Z" finished-at="2020-07-05T14:38:47Z">
          <reporter-output>
          </reporter-output>
        </test-method> <!-- tearDown -->
      </class> <!-- com.crm.qa.testcases.HomePageTest -->
      <class name="com.crm.qa.testcases.ContactsPageTest">
        <test-method status="PASS" signature="setUp()[pri:0, instance:com.crm.qa.testcases.ContactsPageTest@4bec1f0c]" name="setUp" is-config="true" duration-ms="18693" started-at="2020-07-05T14:35:31Z" finished-at="2020-07-05T14:35:49Z">
          <reporter-output>
          </reporter-output>
        </test-method> <!-- setUp -->
        <test-method status="PASS" signature="validateCreateNewContact(java.lang.String, java.lang.String, java.lang.String, java.lang.String)[pri:0, instance:com.crm.qa.testcases.ContactsPageTest@4bec1f0c]" name="validateCreateNewContact" duration-ms="4000" started-at="2020-07-05T14:35:49Z" data-provider="getCRMTestData" finished-at="2020-07-05T14:35:53Z">
          <params>
            <param index="0">
              <value>
                <![CDATA[Mr.]]>
              </value>
            </param>
            <param index="1">
              <value>
                <![CDATA[Tom1]]>
              </value>
            </param>
            <param index="2">
              <value>
                <![CDATA[Peter1]]>
              </value>
            </param>
            <param index="3">
              <value>
                <![CDATA[Google]]>
              </value>
            </param>
          </params>
          <reporter-output>
          </reporter-output>
        </test-method> <!-- validateCreateNewContact -->
        <test-method status="PASS" signature="tearDown()[pri:0, instance:com.crm.qa.testcases.ContactsPageTest@4bec1f0c]" name="tearDown" is-config="true" duration-ms="805" started-at="2020-07-05T14:35:53Z" finished-at="2020-07-05T14:35:54Z">
          <reporter-output>
          </reporter-output>
        </test-method> <!-- tearDown -->
        <test-method status="PASS" signature="setUp()[pri:0, instance:com.crm.qa.testcases.ContactsPageTest@4bec1f0c]" name="setUp" is-config="true" duration-ms="16297" started-at="2020-07-05T14:35:54Z" finished-at="2020-07-05T14:36:10Z">
          <reporter-output>
          </reporter-output>
        </test-method> <!-- setUp -->
        <test-method status="PASS" signature="validateCreateNewContact(java.lang.String, java.lang.String, java.lang.String, java.lang.String)[pri:0, instance:com.crm.qa.testcases.ContactsPageTest@4bec1f0c]" name="validateCreateNewContact" duration-ms="3992" started-at="2020-07-05T14:36:10Z" data-provider="getCRMTestData" finished-at="2020-07-05T14:36:14Z">
          <params>
            <param index="0">
              <value>
                <![CDATA[Dr.]]>
              </value>
            </param>
            <param index="1">
              <value>
                <![CDATA[Tom2]]>
              </value>
            </param>
            <param index="2">
              <value>
                <![CDATA[Peter2]]>
              </value>
            </param>
            <param index="3">
              <value>
                <![CDATA[Amazon]]>
              </value>
            </param>
          </params>
          <reporter-output>
          </reporter-output>
        </test-method> <!-- validateCreateNewContact -->
        <test-method status="PASS" signature="tearDown()[pri:0, instance:com.crm.qa.testcases.ContactsPageTest@4bec1f0c]" name="tearDown" is-config="true" duration-ms="761" started-at="2020-07-05T14:36:14Z" finished-at="2020-07-05T14:36:15Z">
          <reporter-output>
          </reporter-output>
        </test-method> <!-- tearDown -->
        <test-method status="PASS" signature="setUp()[pri:0, instance:com.crm.qa.testcases.ContactsPageTest@4bec1f0c]" name="setUp" is-config="true" duration-ms="17402" started-at="2020-07-05T14:36:15Z" finished-at="2020-07-05T14:36:32Z">
          <reporter-output>
          </reporter-output>
        </test-method> <!-- setUp -->
        <test-method status="PASS" signature="validateCreateNewContact(java.lang.String, java.lang.String, java.lang.String, java.lang.String)[pri:0, instance:com.crm.qa.testcases.ContactsPageTest@4bec1f0c]" name="validateCreateNewContact" duration-ms="4053" started-at="2020-07-05T14:36:32Z" data-provider="getCRMTestData" finished-at="2020-07-05T14:36:37Z">
          <params>
            <param index="0">
              <value>
                <![CDATA[Mrs.]]>
              </value>
            </param>
            <param index="1">
              <value>
                <![CDATA[Tom3]]>
              </value>
            </param>
            <param index="2">
              <value>
                <![CDATA[Peter3]]>
              </value>
            </param>
            <param index="3">
              <value>
                <![CDATA[Ebay]]>
              </value>
            </param>
          </params>
          <reporter-output>
          </reporter-output>
        </test-method> <!-- validateCreateNewContact -->
        <test-method status="PASS" signature="tearDown()[pri:0, instance:com.crm.qa.testcases.ContactsPageTest@4bec1f0c]" name="tearDown" is-config="true" duration-ms="774" started-at="2020-07-05T14:36:37Z" finished-at="2020-07-05T14:36:37Z">
          <reporter-output>
          </reporter-output>
        </test-method> <!-- tearDown -->
        <test-method status="PASS" signature="setUp()[pri:0, instance:com.crm.qa.testcases.ContactsPageTest@4bec1f0c]" name="setUp" is-config="true" duration-ms="16466" started-at="2020-07-05T14:37:05Z" finished-at="2020-07-05T14:37:21Z">
          <reporter-output>
          </reporter-output>
        </test-method> <!-- setUp -->
        <test-method status="PASS" signature="verifyContactsPageLabel()[pri:1, instance:com.crm.qa.testcases.ContactsPageTest@4bec1f0c]" name="verifyContactsPageLabel" duration-ms="1369" started-at="2020-07-05T14:37:21Z" finished-at="2020-07-05T14:37:23Z">
          <reporter-output>
          </reporter-output>
        </test-method> <!-- verifyContactsPageLabel -->
        <test-method status="PASS" signature="tearDown()[pri:0, instance:com.crm.qa.testcases.ContactsPageTest@4bec1f0c]" name="tearDown" is-config="true" duration-ms="804" started-at="2020-07-05T14:37:23Z" finished-at="2020-07-05T14:37:24Z">
          <reporter-output>
          </reporter-output>
        </test-method> <!-- tearDown -->
        <test-method status="PASS" signature="setUp()[pri:0, instance:com.crm.qa.testcases.ContactsPageTest@4bec1f0c]" name="setUp" is-config="true" duration-ms="16702" started-at="2020-07-05T14:37:52Z" finished-at="2020-07-05T14:38:09Z">
          <reporter-output>
          </reporter-output>
        </test-method> <!-- setUp -->
        <test-method status="PASS" signature="selectSingleContactsTest()[pri:2, instance:com.crm.qa.testcases.ContactsPageTest@4bec1f0c]" name="selectSingleContactsTest" duration-ms="1502" started-at="2020-07-05T14:38:09Z" finished-at="2020-07-05T14:38:11Z">
          <reporter-output>
          </reporter-output>
        </test-method> <!-- selectSingleContactsTest -->
        <test-method status="PASS" signature="tearDown()[pri:0, instance:com.crm.qa.testcases.ContactsPageTest@4bec1f0c]" name="tearDown" is-config="true" duration-ms="798" started-at="2020-07-05T14:38:11Z" finished-at="2020-07-05T14:38:11Z">
          <reporter-output>
          </reporter-output>
        </test-method> <!-- tearDown -->
        <test-method status="PASS" signature="setUp()[pri:0, instance:com.crm.qa.testcases.ContactsPageTest@4bec1f0c]" name="setUp" is-config="true" duration-ms="16828" started-at="2020-07-05T14:38:47Z" finished-at="2020-07-05T14:39:04Z">
          <reporter-output>
          </reporter-output>
        </test-method> <!-- setUp -->
        <test-method status="PASS" signature="selectMultipleContactsTest()[pri:3, instance:com.crm.qa.testcases.ContactsPageTest@4bec1f0c]" name="selectMultipleContactsTest" duration-ms="1589" started-at="2020-07-05T14:39:04Z" finished-at="2020-07-05T14:39:06Z">
          <reporter-output>
          </reporter-output>
        </test-method> <!-- selectMultipleContactsTest -->
        <test-method status="PASS" signature="tearDown()[pri:0, instance:com.crm.qa.testcases.ContactsPageTest@4bec1f0c]" name="tearDown" is-config="true" duration-ms="841" started-at="2020-07-05T14:39:06Z" finished-at="2020-07-05T14:39:06Z">
          <reporter-output>
          </reporter-output>
        </test-method> <!-- tearDown -->
      </class> <!-- com.crm.qa.testcases.ContactsPageTest -->
      <class name="com.crm.qa.testcases.LoginPageTest">
        <test-method status="PASS" signature="setUp()[pri:0, instance:com.crm.qa.testcases.LoginPageTest@3159c4b8]" name="setUp" is-config="true" duration-ms="10032" started-at="2020-07-05T14:36:37Z" finished-at="2020-07-05T14:36:47Z">
          <reporter-output>
          </reporter-output>
        </test-method> <!-- setUp -->
        <test-method status="PASS" signature="loginPageTitleTest()[pri:1, instance:com.crm.qa.testcases.LoginPageTest@3159c4b8]" name="loginPageTitleTest" duration-ms="48" started-at="2020-07-05T14:36:47Z" finished-at="2020-07-05T14:36:47Z">
          <reporter-output>
          </reporter-output>
        </test-method> <!-- loginPageTitleTest -->
        <test-method status="PASS" signature="tearDown()[pri:0, instance:com.crm.qa.testcases.LoginPageTest@3159c4b8]" name="tearDown" is-config="true" duration-ms="777" started-at="2020-07-05T14:36:47Z" finished-at="2020-07-05T14:36:48Z">
          <reporter-output>
          </reporter-output>
        </test-method> <!-- tearDown -->
        <test-method status="PASS" signature="setUp()[pri:0, instance:com.crm.qa.testcases.LoginPageTest@3159c4b8]" name="setUp" is-config="true" duration-ms="9811" started-at="2020-07-05T14:37:24Z" finished-at="2020-07-05T14:37:33Z">
          <reporter-output>
          </reporter-output>
        </test-method> <!-- setUp -->
        <test-method status="PASS" signature="crmLogoImageTest()[pri:2, instance:com.crm.qa.testcases.LoginPageTest@3159c4b8]" name="crmLogoImageTest" duration-ms="167" started-at="2020-07-05T14:37:33Z" finished-at="2020-07-05T14:37:34Z">
          <reporter-output>
          </reporter-output>
        </test-method> <!-- crmLogoImageTest -->
        <test-method status="PASS" signature="tearDown()[pri:0, instance:com.crm.qa.testcases.LoginPageTest@3159c4b8]" name="tearDown" is-config="true" duration-ms="1160" started-at="2020-07-05T14:37:34Z" finished-at="2020-07-05T14:37:35Z">
          <reporter-output>
          </reporter-output>
        </test-method> <!-- tearDown -->
        <test-method status="PASS" signature="setUp()[pri:0, instance:com.crm.qa.testcases.LoginPageTest@3159c4b8]" name="setUp" is-config="true" duration-ms="9547" started-at="2020-07-05T14:38:11Z" finished-at="2020-07-05T14:38:21Z">
          <reporter-output>
          </reporter-output>
        </test-method> <!-- setUp -->
        <test-method status="PASS" signature="loginTest()[pri:3, instance:com.crm.qa.testcases.LoginPageTest@3159c4b8]" name="loginTest" duration-ms="6413" started-at="2020-07-05T14:38:21Z" finished-at="2020-07-05T14:38:27Z">
          <reporter-output>
          </reporter-output>
        </test-method> <!-- loginTest -->
        <test-method status="PASS" signature="tearDown()[pri:0, instance:com.crm.qa.testcases.LoginPageTest@3159c4b8]" name="tearDown" is-config="true" duration-ms="788" started-at="2020-07-05T14:38:27Z" finished-at="2020-07-05T14:38:28Z">
          <reporter-output>
          </reporter-output>
        </test-method> <!-- tearDown -->
      </class> <!-- com.crm.qa.testcases.LoginPageTest -->
    </test> <!-- Free CRM App Test Cases -->
  </suite> <!-- FREE CRM Application Test Automation Test Suite -->
</testng-results>
